<?xml version="1.0" encoding="UTF-8"?>
<!-- Generated by org.testng.reporters.JUnitReportReporter -->
<testsuite hostname="Calamardo" failures="0" tests="8" name="pc2.vacunacion.MainTest" time="0.222" errors="0" timestamp="2021-07-26T18:27:12 COT" skipped="0">
  <testcase classname="pc2.vacunacion.MainTest" name="coberturaTest" time="0.028"/>
  <system-out/>
  <testcase classname="pc2.vacunacion.MainTest" name="deleteCentroTest2" time="0.028"/>
  <system-out/>
  <testcase classname="pc2.vacunacion.MainTest" name="addTests" time="0.027"/>
  <system-out/>
  <testcase classname="pc2.vacunacion.MainTest" name="avanceTest" time="0.027"/>
  <system-out/>
  <testcase classname="pc2.vacunacion.MainTest" name="usuarioCreateCentroTest" time="0.028"/>
  <system-out/>
  <testcase classname="pc2.vacunacion.MainTest" name="centroParcialTest" time="0.028"/>
  <system-out/>
  <testcase classname="pc2.vacunacion.MainTest" name="loginSucessTest" time="0.028"/>
  <system-out/>
  <testcase classname="pc2.vacunacion.MainTest" name="loginFailTest" time="0.028"/>
  <system-out/>
</testsuite> <!-- pc2.vacunacion.MainTest -->
